Indexed 94 friend_decls, 195 global_variables, 8795 methods, 66 global_functions, 4014 data_members, 2 unions, 729 classes, 256 typedefs, 24 namespaces, 91 enums, 111 properties, and 717 enum_values
loading...

Running script trace

Resolved 'ControllerScriptingInterface' to class 'class_controller_scripting_interface'
Resolved 'AvatarHashMap' to class 'class_avatar_hash_map'
Resolved 'RunningScriptsWidget' to class 'class_running_scripts_widget'
Resolved 'SettingsScriptingInterface' to class 'class_settings_scripting_interface'
Resolved 'Camera' to class 'class_camera'
Resolved 'AccountScriptingInterface' to class 'class_account_scripting_interface'
Resolved 'UndoStackScriptingInterface' to class 'class_undo_stack_scripting_interface'
Resolved 'GlobalServicesScriptingInterface' to class 'class_global_services_scripting_interface'
Resolved 'HMDScriptingInterface' to class 'class_h_m_d_scripting_interface'
Resolved 'PathUtils' to class 'class_path_utils'
Resolved 'SoundCache' to class 'class_sound_cache'
Resolved 'AudioDeviceScriptingInterface' to class 'class_audio_device_scripting_interface'
Resolved 'AudioScriptingInterface' to class 'class_audio_scripting_interface'
Resolved 'AvatarManager' to class 'class_avatar_manager'
Resolved 'ClipboardScriptingInterface' to class 'class_clipboard_scripting_interface'
Resolved 'EntityScriptingInterface' to class 'class_entity_scripting_interface'
Resolved 'MenuScriptingInterface' to class 'class_menu_scripting_interface'
Resolved 'MyAvatar' to class 'class_my_avatar'
Resolved 'AnimationCache' to class 'class_animation_cache'
Resolved 'SceneScriptingInterface' to class 'class_scene_scripting_interface'
Resolved 'WindowScriptingInterface' to class 'class_window_scripting_interface'
Resolved 'ScriptEngine' to class 'class_script_engine'
Resolved 'Vec3' to class 'class_vec3'
Resolved 'Quat' to class 'class_quat'
Resolved 'LODManager' to class 'class_l_o_d_manager'
Resolved 'Overlays' to class 'class_overlays'
Could not resolve: Int32Array, DataView, Uint32Array, Int8Array, Uint8Array, Float64Array, Float32Array, Uint8ClampedArray, Int16Array, ArrayBuffer, Uint16Array, Vec2
Scanned class Quat. Has 19 scriptable members: 
	slot Quat::multiply (glm::quat (const glm::quat & q1, const glm::quat & q2))
	slot Quat::fromVec3Degrees (glm::quat (const glm::vec3 & vec3))
	slot Quat::fromVec3Radians (glm::quat (const glm::vec3 & vec3))
	slot Quat::fromPitchYawRollDegrees (glm::quat (float pitch, float yaw, float roll))
	slot Quat::fromPitchYawRollRadians (glm::quat (float pitch, float yaw, float roll))
	slot Quat::inverse (glm::quat (const glm::quat & q))
	slot Quat::getFront (glm::vec3 (const glm::quat & orientation))
	slot Quat::getRight (glm::vec3 (const glm::quat & orientation))
	slot Quat::getUp (glm::vec3 (const glm::quat & orientation))
	slot Quat::safeEulerAngles (glm::vec3 (const glm::quat & orientation))
	slot Quat::angleAxis (glm::quat (float angle, const glm::vec3 & v))
	slot Quat::axis (glm::vec3 (const glm::quat & orientation))
	slot Quat::angle (float (const glm::quat & orientation))
	slot Quat::mix (glm::quat (const glm::quat & q1, const glm::quat & q2, float alpha))
	slot Quat::slerp (glm::quat (const glm::quat & q1, const glm::quat & q2, float alpha))
	slot Quat::squad (glm::quat (const glm::quat & q1, const glm::quat & q2, const glm::quat & s1, const glm::quat & s2, float h))
	slot Quat::dot (float (const glm::quat & q1, const glm::quat & q2))
	slot Quat::print (void (const QString & lable, const glm::quat & q))
	slot Quat::equal (bool (const glm::vec3 & q1, const glm::vec3 & q2))
Scanned class EntityScriptingInterface. Has 48 scriptable members: 
	slot EntityScriptingInterface::canAdjustLocks (Q_INVOKABLE bool ())
	slot EntityScriptingInterface::canRez (Q_INVOKABLE bool ())
	slot EntityScriptingInterface::addEntity (Q_INVOKABLE QUuid (const EntityItemProperties properties))
	slot EntityScriptingInterface::getEntityProperties (Q_INVOKABLE EntityItemProperties (QUuid entityID))
	slot EntityScriptingInterface::editEntity (Q_INVOKABLE QUuid (QUuid entityID, EntityItemProperties properties))
	slot EntityScriptingInterface::deleteEntity (Q_INVOKABLE void (QUuid entityID))
	slot EntityScriptingInterface::findClosestEntity (Q_INVOKABLE QUuid (const glm::vec3 & center, float radius))
	slot EntityScriptingInterface::findEntities (Q_INVOKABLE QVector< QUuid > (const glm::vec3 & center, float radius))
	slot EntityScriptingInterface::findEntitiesInBox (Q_INVOKABLE QVector< QUuid > (const glm::vec3 & corner, const glm::vec3 & dimensions))
	slot EntityScriptingInterface::findRayIntersection (Q_INVOKABLE RayToEntityIntersectionResult (const PickRay ray, bool precisionPicking))
	slot EntityScriptingInterface::findRayIntersectionBlocking (Q_INVOKABLE RayToEntityIntersectionResult (const PickRay ray, bool precisionPicking))
	slot EntityScriptingInterface::setLightsArePickable (Q_INVOKABLE void (bool value))
	slot EntityScriptingInterface::getLightsArePickable (Q_INVOKABLE bool ())
	slot EntityScriptingInterface::setZonesArePickable (Q_INVOKABLE void (bool value))
	slot EntityScriptingInterface::getZonesArePickable (Q_INVOKABLE bool ())
	slot EntityScriptingInterface::setDrawZoneBoundaries (Q_INVOKABLE void (bool value))
	slot EntityScriptingInterface::getDrawZoneBoundaries (Q_INVOKABLE bool ())
	slot EntityScriptingInterface::setSendPhysicsUpdates (Q_INVOKABLE void (bool value))
	slot EntityScriptingInterface::getSendPhysicsUpdates (Q_INVOKABLE bool ())
	slot EntityScriptingInterface::setVoxelSphere (Q_INVOKABLE bool (QUuid entityID, const glm::vec3 & center, float radius, int value))
	slot EntityScriptingInterface::setVoxel (Q_INVOKABLE bool (QUuid entityID, const glm::vec3 & position, int value))
	slot EntityScriptingInterface::setAllVoxels (Q_INVOKABLE bool (QUuid entityID, int value))
	slot EntityScriptingInterface::setAllPoints (Q_INVOKABLE bool (QUuid entityID, const QVector< glm::vec3 > & points))
	slot EntityScriptingInterface::appendPoint (Q_INVOKABLE bool (QUuid entityID, const glm::vec3 & point))
	slot EntityScriptingInterface::dumpTree (Q_INVOKABLE void ())
	slot EntityScriptingInterface::addAction (Q_INVOKABLE QUuid (const QString & actionTypeString, const QUuid & entityID, const QVarianScanned class ScriptEngine. Has 29 scriptable members: 
	function ScriptEngine::setIsAvatar (Q_INVOKABLE void (bool isAvatar))
	function ScriptEngine::addEventHandler (Q_INVOKABLE void (const EntityItemID entityID, const QString & eventName, QScriptValue handler))
	function ScriptEngine::removeEventHandler (Q_INVOKABLE void (const EntityItemID entityID, const QString & eventName, QScriptValue handler))
	slot ScriptEngine::loadURL (void (const QUrl & scriptURL, bool reload))
	slot ScriptEngine::stop (void ())
	slot ScriptEngine::evaluate (QScriptValue (const QString & program, const QString & fileName, int lineNumber))
	slot ScriptEngine::setInterval (QObject * (const QScriptValue & function, int intervalMS))
	slot ScriptEngine::setTimeout (QObject * (const QScriptValue & function, int timeoutMS))
	slot ScriptEngine::clearInterval (void (QObject * timer))
	slot ScriptEngine::clearTimeout (void (QObject * timer))
	slot ScriptEngine::include (void (const QStringList & includeFiles, QScriptValue callback))
	slot ScriptEngine::include (void (const QString & includeFile, QScriptValue callback))
	slot ScriptEngine::load (void (const QString & loadfile))
	slot ScriptEngine::print (void (const QString & message))
	slot ScriptEngine::resolvePath (QUrl (const QString & path))
	slot ScriptEngine::nodeKilled (void (SharedNodePointer node))
	signal ScriptEngine::scriptLoaded (void (const QString & scriptFilename))
	signal ScriptEngine::errorLoadingScript (void (const QString & scriptFilename))
	signal ScriptEngine::update (void (float deltaTime))
	signal ScriptEngine::scriptEnding (void ())
	signal ScriptEngine::finished (void (const QString & fileNameString))
	signal ScriptEngine::cleanupMenuItem (void (const QString & menuItemString))
	signal ScriptEngine::printedMessage (void (const QString & message))
	signal ScriptEngine::errorMessage (void (const QString & message))
	signal ScriptEngine::runningStateChanged (void ())
	signal ScriptEngine::evaluationFinished (void (QScriptValue result, bool isException))
	signal ScriptEngine::loadScript (void (const QString & scriptName, bool isUserLoaded))
	signal ScriptEngine::reloadScript (void (const QString & scriptName, bool isUserLoaded))
	signal ScriptEngine::doneRunning (void ())
Scanned class SceneScriptingInterface. Has 55 scriptable members: 
	function SceneScriptingInterface::setStageOrientation (Q_INVOKABLE void (const glm::quat & orientation))
	function SceneScriptingInterface::setStageLocation (Q_INVOKABLE void (float longitude, float latitude, float altitude))
	function SceneScriptingInterface::getStageLocationLongitude (Q_INVOKABLE float ())
	function SceneScriptingInterface::getStageLocationLatitude (Q_INVOKABLE float ())
	function SceneScriptingInterface::getStageLocationAltitude (Q_INVOKABLE float ())
	function SceneScriptingInterface::setStageDayTime (Q_INVOKABLE void (float hour))
	function SceneScriptingInterface::getStageDayTime (Q_INVOKABLE float ())
	function SceneScriptingInterface::setStageYearTime (Q_INVOKABLE void (int day))
	function SceneScriptingInterface::getStageYearTime (Q_INVOKABLE int ())
	function SceneScriptingInterface::setStageSunModelEnable (Q_INVOKABLE void (bool isEnabled))
	function SceneScriptingInterface::isStageSunModelEnabled (Q_INVOKABLE bool ())
	function SceneScriptingInterface::setKeyLightColor (Q_INVOKABLE void (const glm::vec3 & color))
	function SceneScriptingInterface::getKeyLightColor (Q_INVOKABLE glm::vec3 ())
	function SceneScriptingInterface::setKeyLightIntensity (Q_INVOKABLE void (float intensity))
	function SceneScriptingInterface::getKeyLightIntensity (Q_INVOKABLE float ())
	function SceneScriptingInterface::setKeyLightAmbientIntensity (Q_INVOKABLE void (float intensity))
	function SceneScriptingInterface::getKeyLightAmbientIntensity (Q_INVOKABLE float ())
	function SceneScriptingInterface::setKeyLightDirection (Q_INVOKABLE void (const glm::vec3 & direction))
	function SceneScriptingInterface::getKeyLightDirection (Q_INVOKABLE glm::vec3 ())
	function SceneScriptingInterface::setBackgroundMode (Q_INVOKABLE void (const QString & mode
BAD REFIDs: class_user_input_mapper_1a5f2ab8d313cbaf2ce3a3acf6b04256dc
FOUND SCRIPTABLE TYPES: 'DownloadInfoResult', 'EntityItemProperties', 'UserInputMapper::Action', 'RayToOverlayIntersectionResult', 'OverlayPropertyResult', 'ScriptAudioInjector', 'AbstractInputController', 'EntityItemID', 'AnimationDetails', 'PickRay', 'UserInputMapper::InputChannel', 'RayToEntityIntersectionResult', 'AvatarManager::LocalLight' (recursing)

done.

TYPE SUMMARY:
Used builtins: ['int', 'void', 'float', 'bool']
Used qt types: ['QUuid', 'QVector', 'QString', 'QVariantMap']
Used library types: ['glm::vec3', 'glm::quat', 'glm::vec2']
Used hifi types: ['ControllerScriptingInterface', 'GlobalServicesScriptingInterface', 'AvatarHashMap', 'RunningScriptsWidget', 'AvatarManager::LocalLight', 'SettingsScriptingInterface', 'Camera', 'AccountScriptingInterface', 'UndoStackScriptingInterface', 'RayToEntityIntersectionResult', 'AbstractInputController', 'RayToOverlayIntersectionResult', 'HMDScriptingInterface', 'EntityItemID', 'Quat', 'SoundCache', 'ScriptAudioInjector', 'AudioDeviceScriptingInterface', 'WindowScriptingInterface', 'AudioScriptingInterface', 'Vec3', 'DownloadInfoResult', 'ClipboardScriptingInterface', 'MenuScriptingInterface', 'MyAvatar', 'EntityScriptingInterface', 'AnimationCache', 'EntityItemProperties', 'OverlayPropertyResult', 'SceneScriptingInterface', 'UserInputMapper::Action', 'UserInputMapper::InputPair', 'AnimationDetails', 'PickRay', 'UserInputMapper::InputChannel', 'ScriptEngine', 'AvatarManager', 'PathUtils', 'LODManager', 'Overlays']
Unknown types: ['QVariant', 'QSizeF', 'QScriptValue', 'AnimationPointer', 'unsigned int', 'SharedSoundPointer', 'QUrl', 'QObject', 'QVariantList']
Scanned class LODManager. Has 18 scriptable members: 
	function LODManager::setAutomaticLODAdjust (Q_INVOKABLE void (bool value))
	function LODManager::getAutomaticLODAdjust (Q_INVOKABLE bool ())
	function LODManager::setDesktopLODDecreaseFPS (Q_INVOKABLE void (float value))
	function LODManager::getDesktopLODDecreaseFPS (Q_INVOKABLE float ())
	function LODManager::getDesktopLODIncreaseFPS (Q_INVOKABLE float ())
	function LODManager::setHMDLODDecreaseFPS (Q_INVOKABLE void (float value))
	function LODManager::getHMDLODDecreaseFPS (Q_INVOKABLE float ())
	function LODManager::getHMDLODIncreaseFPS (Q_INVOKABLE float ())
	function LODManager::getAvatarLODDistanceMultiplier (Q_INVOKABLE float ())
	function LODManager::getLODFeedbackText (Q_INVOKABLE QString ())
	function LODManager::setOctreeSizeScale (Q_INVOKABLE void (float sizeScale))
	function LODManager::getOctreeSizeScale (Q_INVOKABLE float ())
	function LODManager::setBoundaryLevelAdjust (Q_INVOKABLE void (int boundaryLevelAdjust))
	function LODManager::getBoundaryLevelAdjust (Q_INVOKABLE int ())
	function LODManager::getLODDecreaseFPS (Q_INVOKABLE float ())
	function LODManager::getLODIncreaseFPS (Q_INVOKABLE float ())
	signal LODManager::LODIncreased (void ())
	signal LODManager::LODDecreased (void ())
class DownloadInfoResult is not scriptable
Scanned class AccountScriptingInterface. Has 5 scriptable members: 
	signal AccountScriptingInterface::balanceChanged (void (float newBalance))
	slot AccountScriptingInterface::getInstance (AccountScriptingInterface ())
	slot AccountScriptingInterface::getBalance (float ())
	slot AccountScriptingInterface::isLoggedIn (bool ())
	slot AccountScriptingInterface::updateBalance (void ())
Scanned class ControllerScriptingInterface. Has 39 scriptable members: 
	slot ControllerScriptingInterface::getAllActions (Q_INVOKABLE QVector< UserInputMapper::Action ())
	slot ControllerScriptingInterface::getInputChannelsForAction (Q_INVOKABLE QVector< UserInputMapper::InputChannel (UserInputMapper::Action action))
	slot ControllerScriptingInterface::getDeviceName (Q_INVOKABLE QString (unsigned int device))
	slot ControllerScriptingInterface::getAllInputsForDevice (Q_INVOKABLE QVector< UserInputMapper::InputChannel (unsigned int device))
	slot ControllerScriptingInterface::addInputChannel (Q_INVOKABLE bool (UserInputMapper::InputChannel inputChannel))
	slot ControllerScriptingInterface::removeInputChannel (Q_INVOKABLE bool (UserInputMapper::InputChannel inputChannel))
	slot ControllerScriptingInterface::getAvailableInputs (Q_INVOKABLE QVector< UserInputMapper::InputPair (unsigned int device))
	slot ControllerScriptingInterface::resetAllDeviceBindings (Q_INVOKABLE void ())
	slot ControllerScriptingInterface::resetDevice (Q_INVOKABLE void (unsigned int device))
	slot ControllerScriptingInterface::findDevice (Q_INVOKABLE int (QString name))
	slot ControllerScriptingInterface::isPrimaryButtonPressed (bool ())
	slot ControllerScriptingInterface::getPrimaryJoystickPosition (glm::vec2 ())
	slot ControllerScriptingInterface::getNumberOfButtons (int ())
	slot ControllerScriptingInterface::isButtonPressed (bool (int buttonIndex))
	slot ControllerScriptingInterface::getNumberOfTriggers (int ())
	slot ControllerScriptingInterface::getTriggerValue (float (int triggerIndex))
	slot ControllerScriptingInterface::getNumberOfJoysticks (int ())
	slot ControllerScriptingInterface::getJoystickPosition (glm::vec2 (int joystickIndex))
	slot ControllerScriptingInterface::getNumberOfSpatialControls (int ())
	slot ControllerScriptingInterface::getSpatialControlPosition (glm::vec3 (int controlIndex))
	slot ControllerScriptingInterface::getSpatialControlVelocity (glm::vec3 (int controlIndex))
	slot ControllerScriptingInterface::getSpatialControlNormal (glm::vec3 (int controlIndex))
	slot ControllerScriptingInterface::getSpatialControlRawRotation (glm::quat (int controlIndex))
	slot ControllerScriptingInterface::getSpatialControlRawAngularVelocity (glm::vec3 (int controlIndex))
	slot ControllerScriptingInterface::captureKeyEvents (void (const KeyEvent event))
	slot ControllerScriptingInterface::releaseKeyEvents (void (const KeyEvent event))
	slot ControllerScriptingInterface::captureMouseEvents (void ())
	slot ControllerScriptingInterface::releaseMouseEvents (void ())
	slot ControllerScriptingInterface::captureTouchEvents (void ())
	slot ControllerScriptingInterface::releaseTouchEvents (void ())
	slot ControllerScriptingInterface::captureWheelEvents (void ())
	slot ControllerScriptingInterface::releaseWheelEvents (void ())
	slot ControllerScriptingInterface::captureActionEvents (void ())
	slot ControllerScriptingInterface::releaseActionEvents (void ())
	slot ControllerScriptingInterface::captureJoystick (void (int joystickIndex))
	slot ControllerScriptingInterface::releaseJoystick (void (int joystickIndex))
	slot ControllerScriptingInterface::getViewportDimensions (glm::vec2 ())
	slot ControllerScriptingInterface::createInputController (AbstractInputController (const QString & deviceName, const QString & tracker))
	slot ControllerScriptingInterface::releaseInputController (void (AbstractInputController input))
))
	function SceneScriptingInterface::getBackgroundMode (Q_INVOKABLE QString ())
	function SceneScriptingInterface::setShouldRenderAvatars (Q_INVOKABLE void (bool shouldRenderAvatars))
	function SceneScriptingInterface::shouldRenderAvatars (Q_INVOKABLE bool ())
	function SceneScriptingInterface::setShouldRenderEntities (Q_INVOKABLE void (bool shouldRenderEntities))
	function SceneScriptingInterface::shouldRenderEntities (Q_INVOKABLE bool ())
	function SceneScriptingInterface::setEngineRenderOpaque (Q_INVOKABLE void (bool renderOpaque))
	function SceneScriptingInterface::doEngineRenderOpaque (Q_INVOKABLE bool ())
	function SceneScriptingInterface::setEngineRenderTransparent (Q_INVOKABLE void (bool renderTransparent))
	function SceneScriptingInterface::doEngineRenderTransparent (Q_INVOKABLE bool ())
	function SceneScriptingInterface::setEngineCullOpaque (Q_INVOKABLE void (bool cullOpaque))
	function SceneScriptingInterface::doEngineCullOpaque (Q_INVOKABLE bool ())
	function SceneScriptingInterface::setEngineCullTransparent (Q_INVOKABLE void (bool cullTransparent))
	function SceneScriptingInterface::doEngineCullTransparent (Q_INVOKABLE bool ())
	function SceneScriptingInterface::setEngineSortOpaque (Q_INVOKABLE void (bool sortOpaque))
	function SceneScriptingInterface::doEngineSortOpaque (Q_INVOKABLE bool ())
	function SceneScriptingInterface::setEngineSortTransparent (Q_INVOKABLE void (bool sortTransparent))
	function SceneScriptingInterface::doEngineSortTransparent (Q_INVOKABLE bool ())
	function SceneScriptingInterface::getEngineNumDrawnOpaqueItems (Q_INVOKABLE int ())
	function SceneScriptingInterface::getEngineNumDrawnTransparentItems (Q_INVOKABLE int ())
	function SceneScriptingInterface::getEngineNumDrawnOverlay3DItems (Q_INVOKABLE int ())
	function SceneScriptingInterface::getEngineNumFeedOpaqueItems (Q_INVOKABLE int ())
	function SceneScriptingInterface::getEngineNumFeedTransparentItems (Q_INVOKABLE int ())
	function SceneScriptingInterface::getEngineNumFeedOverlay3DItems (Q_INVOKABLE int ())
	function SceneScriptingInterface::setEngineMaxDrawnOpaqueItems (Q_INVOKABLE void (int count))
	function SceneScriptingInterface::getEngineMaxDrawnOpaqueItems (Q_INVOKABLE int ())
	function SceneScriptingInterface::setEngineMaxDrawnTransparentItems (Q_INVOKABLE void (int count))
	function SceneScriptingInterface::getEngineMaxDrawnTransparentItems (Q_INVOKABLE int ())
	function SceneScriptingInterface::setEngineMaxDrawnOverlay3DItems (Q_INVOKABLE void (int count))
	function SceneScriptingInterface::getEngineMaxDrawnOverlay3DItems (Q_INVOKABLE int ())
	function SceneScriptingInterface::setEngineDisplayItemStatus (Q_INVOKABLE void (bool display))
	function SceneScriptingInterface::doEngineDisplayItemStatus (Q_INVOKABLE bool ())
	signal SceneScriptingInterface::shouldRenderAvatarsChanged (void (bool shouldRenderAvatars))
	signal SceneScriptingInterface::shouldRenderEntitiesChanged (void (bool shouldRenderEntities))
	property SceneScriptingInterface::shouldRenderAvatars (bool)
	property SceneScriptingInterface::shouldRenderEntities (bool)
tMap & arguments))
	slot EntityScriptingInterface::updateAction (Q_INVOKABLE bool (const QUuid & entityID, const QUuid & actionID, const QVariantMap & arguments))
	slot EntityScriptingInterface::deleteAction (Q_INVOKABLE bool (const QUuid & entityID, const QUuid & actionID))
	slot EntityScriptingInterface::getActionIDs (Q_INVOKABLE QVector< QUuid > (const QUuid & entityID))
	slot EntityScriptingInterface::getActionArguments (Q_INVOKABLE QVariantMap (const QUuid & entityID, const QUuid & actionID))
	signal EntityScriptingInterface::entityCollisionWithEntity (void (const EntityItemID idA, const EntityItemID idB, const Collision collision))
	signal EntityScriptingInterface::collisionWithEntity (void (const EntityItemID idA, const EntityItemID idB, const Collision collision))
	signal EntityScriptingInterface::canAdjustLocksChanged (void (bool canAdjustLocks))
	signal EntityScriptingInterface::canRezChanged (void (bool canRez))
	signal EntityScriptingInterface::mousePressOnEntity (void (const EntityItemID entityItemID, const MouseEvent event))
	signal EntityScriptingInterface::mouseMoveOnEntity (void (const EntityItemID entityItemID, const MouseEvent event))
	signal EntityScriptingInterface::mouseReleaseOnEntity (void (const EntityItemID entityItemID, const MouseEvent event))
	signal EntityScriptingInterface::clickDownOnEntity (void (const EntityItemID entityItemID, const MouseEvent event))
	signal EntityScriptingInterface::holdingClickOnEntity (void (const EntityItemID entityItemID, const MouseEvent event))
	signal EntityScriptingInterface::clickReleaseOnEntity (void (const EntityItemID entityItemID, const MouseEvent event))
	signal EntityScriptingInterface::hoverEnterEntity (void (const EntityItemID entityItemID, const MouseEvent event))
	signal EntityScriptingInterface::hoverOverEntity (void (const EntityItemID entityItemID, const MouseEvent event))
	signal EntityScriptingInterface::hoverLeaveEntity (void (const EntityItemID entityItemID, const MouseEvent event))
	signal EntityScriptingInterface::enterEntity (void (const EntityItemID entityItemID))
	signal EntityScriptingInterface::leaveEntity (void (const EntityItemID entityItemID))
	signal EntityScriptingInterface::deletingEntity (void (const EntityItemID entityID))
	signal EntityScriptingInterface::addingEntity (void (const EntityItemID entityID))
	signal EntityScriptingInterface::clearingEntities (void ())
Scanned class GlobalServicesScriptingInterface. Has 10 scriptable members: 
	slot GlobalServicesScriptingInterface::getDownloadInfo (DownloadInfoResult ())
	slot GlobalServicesScriptingInterface::updateDownloadInfo (void ())
	slot GlobalServicesScriptingInterface::editFriends (void ())
	signal GlobalServicesScriptingInterface::connected (void ())
	signal GlobalServicesScriptingInterface::disconnected (void (const QString & reason))
	signal GlobalServicesScriptingInterface::myUsernameChanged (void (const QString & username))
	signal GlobalServicesScriptingInterface::downloadInfoChanged (void (DownloadInfoResult info))
	signal GlobalServicesScriptingInterface::findableByChanged (void (const QString & discoverabilityMode))
	property GlobalServicesScriptingInterface::username (QString)
	property GlobalServicesScriptingInterface::findableBy (QString)
enum UserInputMapper::Action is not scriptable
Scanned class AvatarHashMap. Has 1 scriptable members: 
	slot AvatarHashMap::isAvatarInRange (bool (const glm::vec3 & position, const float range))
class RayToOverlayIntersectionResult is not scriptable
Scanned class UndoStackScriptingInterface. Has 1 scriptable members: 
	slot UndoStackScriptingInterface::pushCommand (void (QScriptValue undoFunction, QScriptValue undoData, QScriptValue redoFunction, QScriptValue redoData))
class EntityItemProperties is not scriptable
Scanned class PathUtils. Has 1 scriptable members: 
	property PathUtils::resources (QString)
class OverlayPropertyResult is not scriptable
Scanned class MenuScriptingInterface. Has 13 scriptable members: 
	slot MenuScriptingInterface::addMenu (void (const QString & menuName))
	slot MenuScriptingInterface::removeMenu (void (const QString & menuName))
	slot MenuScriptingInterface::menuExists (bool (const QString & menuName))
	slot MenuScriptingInterface::addSeparator (void (const QString & menuName, const QString & separatorName))
	slot MenuScriptingInterface::removeSeparator (void (const QString & menuName, const QString & separatorName))
	slot MenuScriptingInterface::addMenuItem (void (const MenuItemProperties properties))
	slot MenuScriptingInterface::addMenuItem (void (const QString & menuName, const QString & menuitem, const QString & shortcutKey))
	slot MenuScriptingInterface::addMenuItem (void (const QString & menuName, const QString & menuitem))
	slot MenuScriptingInterface::removeMenuItem (void (const QString & menuName, const QString & menuitem))
	slot MenuScriptingInterface::menuItemExists (bool (const QString & menuName, const QString & menuitem))
	slot MenuScriptingInterface::isOptionChecked (bool (const QString & menuOption))
	slot MenuScriptingInterface::setIsOptionChecked (void (const QString & menuOption, bool isChecked))
	signal MenuScriptingInterface::menuItemEvent (void (const QString & menuItem))
Scanned class ScriptAudioInjector. Has 8 scriptable members: 
	slot ScriptAudioInjector::restart (void ())
	slot ScriptAudioInjector::stop (void ())
	slot ScriptAudioInjector::setOptions (void (const AudioInjectorOptions options))
	slot ScriptAudioInjector::getLoudness (float ())
	slot ScriptAudioInjector::isPlaying (bool ())
	signal ScriptAudioInjector::finished (void ())
	property ScriptAudioInjector::isPlaying (bool)
	property ScriptAudioInjector::loudness (float)
Scanned class AnimationCache. Has 2 scriptable members: 
	function AnimationCache::getAnimation (Q_INVOKABLE AnimationPointer (const QString & url))
	function AnimationCache::getAnimation (Q_INVOKABLE AnimationPointer (const QUrl & url))
Scanned class SoundCache. Has 1 scriptable members: 
	function SoundCache::getSound (Q_INVOKABLE SharedSoundPointer (const QUrl & url))
class EntityItemID is not scriptable
Scanned class Camera. Has 14 scriptable members: 
	slot Camera::getModeString (QString ())
	slot Camera::setModeString (void (const QString & mode))
	slot Camera::getPosition (glm::vec3 ())
	slot Camera::setPosition (void (const glm::vec3 & position))
	slot Camera::getOrientation (glm::quat ())
	slot Camera::setOrientation (void (const glm::quat & orientation))
	slot Camera::computePickRay (PickRay (float x, float y))
	slot Camera::lookAt (void (const glm::vec3 & value))
	slot Camera::keepLookingAt (void (const glm::vec3 & value))
	slot Camera::stopLooking (void ())
	signal Camera::modeUpdated (void (const QString & newMode))
	property Camera::position (glm::vec3)
	property Camera::orientation (glm::quat)
	property Camera::mode (QString)
Scanned class RunningScriptsWidget. Has 5 scriptable members: 
	signal RunningScriptsWidget::stopScriptName (void (const QString & name, bool restart))
	slot RunningScriptsWidget::scriptStopped (void (const QString & scriptName))
	slot RunningScriptsWidget::getRunning (QVariantList ())
	slot RunningScriptsWidget::getPublic (QVariantList ())
	slot RunningScriptsWidget::getLocal (QVariantList ())
Scanned class AbstractInputController. Has 6 scriptable members: 
	slot AbstractInputController::isActive (bool ())
	slot AbstractInputController::getAbsTranslation (glm::vec3 ())
	slot AbstractInputController::getAbsRotation (glm::quat ())
	slot AbstractInputController::getLocTranslation (glm::vec3 ())
	slot AbstractInputController::getLocRotation (glm::quat ())
	signal AbstractInputController::spatialEvent (void (const SpatialEvent event))
Scanned class MyAvatar. Has 40 scriptable members: 
	function MyAvatar::getDefaultEyePosition (Q_INVOKABLE glm::vec3 ())
	function MyAvatar::startAnimation (Q_INVOKABLE void (const QString & url, float fps, float priority, bool loop, bool hold, float firstFrame, float lastFrame, const QStringList & maskedJoints))
	function MyAvatar::stopAnimation (Q_INVOKABLE void (const QString & url))
	function MyAvatar::startAnimationByRole (Q_INVOKABLE void (const QString & role, const QString & url, float fps, float priority, bool loop, bool hold, float firstFrame, float lastFrame, const QStringList & maskedJoints))
	function MyAvatar::stopAnimationByRole (Q_INVOKABLE void (const QString & role))
	function MyAvatar::getAnimationDetailsByRole (Q_INVOKABLE AnimationDetails (const QString & role))
	function MyAvatar::getAnimationDetails (Q_INVOKABLE AnimationDetails (const QString & url))
	function MyAvatar::getTrackedHeadPosition (Q_INVOKABLE glm::vec3 ())
	function MyAvatar::getHeadPosition (Q_INVOKABLE glm::vec3 ())
	function MyAvatar::getHeadFinalYaw (Q_INVOKABLE float ())
	function MyAvatar::getHeadFinalRoll (Q_INVOKABLE float ())
	function MyAvatar::getHeadFinalPitch (Q_INVOKABLE float ())
	function MyAvatar::getHeadDeltaPitch (Q_INVOKABLE float ())
	function MyAvatar::getEyePosition (Q_INVOKABLE glm::vec3 ())
	function MyAvatar::getTargetAvatarPosition (Q_INVOKABLE glm::vec3 ())
	function MyAvatar::useFullAvatarURL (Q_INVOKABLE void (const QUrl & fullAvatarURL, const QString & modelName))
	function MyAvatar::useHeadURL (Q_INVOKABLE void (const QUrl & headURL, const QString & modelName))
	function MyAvatar::useBodyURL (Q_INVOKABLE void (const QUrl & bodyURL, const QString & modelName))
	function MyAvatar::useHeadAndBodyURLs (Q_INVOKABLE void (const QUrl & headURL, const QUrl & bodyURL, const QString & headName, const QString & bodyName))
	function MyAvatar::getUseFullAvatar (Q_INVOKABLE bool ())
	function MyAvatar::getFullAvatarURLFromPreferences (Q_INVOKABLE const QUrl & ())
	function MyAvatar::getHeadURLFromPreferences (Q_INVOKABLE const QUrl & ())
	function MyAvatar::getBodyURLFromPreferences (Q_INVOKABLE const QUrl & ())
	function MyAvatar::getHeadModelName (Q_INVOKABLE const QString & ())
	function MyAvatar::getBodyModelName (Q_INVOKABLE const QString & ())
	function MyAvatar::getFullAvartarModelName (Q_INVOKABLE const QString & ())
	function MyAvatar::getModelDescription (Q_INVOKABLE QString ())
	slot MyAvatar::increaseSize (void ())
	slot MyAvatar::decreaseSize (void ())
	slot MyAvatar::resetSize (void ())
	slot MyAvatar::goToLocation (void (const glm::vec3 & newPosition, bool hasOrientation, const glm::quat & newOrientation, bool shouldFaceLocation))
	slot MyAvatar::addThrust (void (glm::vec3 newThrust))
	signal MyAvatar::transformChanged (void ())
	signal MyAvatar::newCollisionSoundURL (void (const QUrl & url))
	signal MyAvatar::collisionWithEntity (void (const Collision collision))
	property MyAvatar::shouldRenderLocally (bool)
	property MyAvatar::motorVelocity (glm::vec3)
	property MyAvatar::motorTimescale (float)
	property MyAvatar::motorReferenceFrame (QString)
	property MyAvatar::collisionSoundURL (QString)
Scanned class HMDScriptingInterface. Has 3 scriptable members: 
	slot HMDScriptingInterface::toggleMagnifier (void ())
	property HMDScriptingInterface::magnifier (bool)
	property HMDScriptingInterface::active (bool)
class PickRay is not scriptable
Scanned class SettingsScriptingInterface. Has 3 scriptable members: 
	slot SettingsScriptingInterface::getValue (QVariant (const QString & setting))
	slot SettingsScriptingInterface::getValue (QVariant (const QString & setting, const QVariant & defaultValue))
	slot SettingsScriptingInterface::setValue (void (const QString & setting, const QVariant & value))
Scanned class ClipboardScriptingInterface. Has 6 scriptable members: 
	signal ClipboardScriptingInterface::readyToImport (void ())
	slot ClipboardScriptingInterface::getClipboardContentsLargestDimension (float ())
	slot ClipboardScriptingInterface::importEntities (bool (const QString & filename))
	slot ClipboardScriptingInterface::exportEntities (bool (const QString & filename, const QVector< EntityItemID entityIDs))
	slot ClipboardScriptingInterface::exportEntities (bool (const QString & filename, float x, float y, float z, float s))
	slot ClipboardScriptingInterface::pasteEntities (QVector< EntityItemID (glm::vec3 position))
class AnimationDetails is not scriptable
Scanned class Overlays. Has 10 scriptable members: 
	slot Overlays::addOverlay (unsigned int (const QString & type, const QScriptValue & properties))
	slot Overlays::addOverlay (unsigned int (Overlay overlay))
	slot Overlays::cloneOverlay (unsigned int (unsigned int id))
	slot Overlays::editOverlay (bool (unsigned int id, const QScriptValue & properties))
	slot Overlays::deleteOverlay (void (unsigned int id))
	slot Overlays::getOverlayAtPoint (unsigned int (const glm::vec2 & point))
	slot Overlays::getProperty (OverlayPropertyResult (unsigned int id, const QString & property))
	slot Overlays::findRayIntersection (RayToOverlayIntersectionResult (const PickRay ray))
	slot Overlays::isLoaded (bool (unsigned int id))
	slot Overlays::textSize (QSizeF (unsigned int id, const QString & text))
Scanned class AvatarManager. Has 4 scriptable members: 
	function AvatarManager::setLocalLights (Q_INVOKABLE void (const QVector< AvatarManager::LocalLight localLights))
	function AvatarManager::getLocalLights (Q_INVOKABLE QVector< AvatarManager::LocalLight ())
	slot AvatarManager::setShouldShowReceiveStats (void (bool shouldShowReceiveStats))
	slot AvatarManager::updateAvatarRenderStatus (void (bool shouldRenderAvatars))
class UserInputMapper::InputChannel is not scriptable
Scanned class AudioDeviceScriptingInterface. Has 16 scriptable members: 
	slot AudioDeviceScriptingInterface::setInputDevice (bool (const QString & deviceName))
	slot AudioDeviceScriptingInterface::setOutputDevice (bool (const QString & deviceName))
	slot AudioDeviceScriptingInterface::getInputDevice (QString ())
	slot AudioDeviceScriptingInterface::getOutputDevice (QString ())
	slot AudioDeviceScriptingInterface::getDefaultInputDevice (QString ())
	slot AudioDeviceScriptingInterface::getDefaultOutputDevice (QString ())
	slot AudioDeviceScriptingInterface::getInputDevices (QVector< QString > ())
	slot AudioDeviceScriptingInterface::getOutputDevices (QVector< QString > ())
	slot AudioDeviceScriptingInterface::getInputVolume (float ())
	slot AudioDeviceScriptingInterface::setInputVolume (void (float volume))
	slot AudioDeviceScriptingInterface::setReverb (void (bool reverb))
	slot AudioDeviceScriptingInterface::setReverbOptions (void (const AudioEffectOptions options))
	slot AudioDeviceScriptingInterface::getMuted (bool ())
	slot AudioDeviceScriptingInterface::toggleMute (void ())
	signal AudioDeviceScriptingInterface::muteToggled (void ())
	signal AudioDeviceScriptingInterface::deviceChanged (void ())
Scanned class WindowScriptingInterface. Has 28 scriptable members: 
	slot WindowScriptingInterface::getCursorPositionX (QScriptValue ())
	slot WindowScriptingInterface::getCursorPositionY (QScriptValue ())
	slot WindowScriptingInterface::setCursorPosition (void (int x, int y))
	slot WindowScriptingInterface::setCursorVisible (void (bool visible))
	slot WindowScriptingInterface::hasFocus (QScriptValue ())
	slot WindowScriptingInterface::setFocus (void ())
	slot WindowScriptingInterface::raiseMainWindow (void ())
	slot WindowScriptingInterface::alert (QScriptValue (const QString & message))
	slot WindowScriptingInterface::confirm (QScriptValue (const QString & message))
	slot WindowScriptingInterface::form (QScriptValue (const QString & title, QScriptValue array))
	slot WindowScriptingInterface::prompt (QScriptValue (const QString & message, const QString & defaultText))
	slot WindowScriptingInterface::browse (QScriptValue (const QString & title, const QString & directory, const QString & nameFilter))
	slot WindowScriptingInterface::save (QScriptValue (const QString & title, const QString & directory, const QString & nameFilter))
	slot WindowScriptingInterface::s3Browse (QScriptValue (const QString & nameFilter))
	slot WindowScriptingInterface::nonBlockingForm (void (const QString & title, QScriptValue array))
	slot WindowScriptingInterface::reloadNonBlockingForm (void (QScriptValue array))
	slot WindowScriptingInterface::getNonBlockingFormResult (QScriptValue (QScriptValue array))
	slot WindowScriptingInterface::peekNonBlockingFormResult (QScriptValue (QScriptValue array))
	signal WindowScriptingInterface::domainChanged (void (const QString & domainHostname))
	signal WindowScriptingInterface::inlineButtonClicked (void (const QString & name))
	signal WindowScriptingInterface::nonBlockingFormClosed (void ())
	signal WindowScriptingInterface::svoImportRequested (void (const QString & url))
	signal WindowScriptingInterface::domainConnectionRefused (void (const QString & reason))
	property WindowScriptingInterface::innerWidth (int)
	property WindowScriptingInterface::innerHeight (int)
	property WindowScriptingInterface::x (int)
	property WindowScriptingInterface::y (int)
	property WindowScriptingInterface::cursorVisible (bool)
class RayToEntityIntersectionResult is not scriptable
Scanned class AudioScriptingInterface. Has 9 scriptable members: 
	function AudioScriptingInterface::playSound (Q_INVOKABLE ScriptAudioInjector (Sound sound, const AudioInjectorOptions injectorOptions))
	function AudioScriptingInterface::injectGeneratedNoise (Q_INVOKABLE void (bool inject))
	function AudioScriptingInterface::selectPinkNoise (Q_INVOKABLE void ())
	function AudioScriptingInterface::selectSine440 (Q_INVOKABLE void ())
	function AudioScriptingInterface::setStereoInput (Q_INVOKABLE void (bool stereo))
	signal AudioScriptingInterface::mutedByMixer (void ())
	signal AudioScriptingInterface::environmentMuted (void ())
	signal AudioScriptingInterface::receivedFirstPacket (void ())
	signal AudioScriptingInterface::disconnected (void ())
Scanned class Vec3. Has 18 scriptable members: 
	slot Vec3::reflect (glm::vec3 (const glm::vec3 & v1, const glm::vec3 & v2))
	slot Vec3::cross (glm::vec3 (const glm::vec3 & v1, const glm::vec3 & v2))
	slot Vec3::dot (float (const glm::vec3 & v1, const glm::vec3 & v2))
	slot Vec3::multiply (glm::vec3 (const glm::vec3 & v1, float f))
	slot Vec3::multiply (glm::vec3 (float f, const glm::vec3 & v1))
	slot Vec3::multiplyQbyV (glm::vec3 (const glm::quat & q, const glm::vec3 & v))
	slot Vec3::sum (glm::vec3 (const glm::vec3 & v1, const glm::vec3 & v2))
	slot Vec3::subtract (glm::vec3 (const glm::vec3 & v1, const glm::vec3 & v2))
	slot Vec3::length (float (const glm::vec3 & v))
	slot Vec3::distance (float (const glm::vec3 & v1, const glm::vec3 & v2))
	slot Vec3::orientedAngle (float (const glm::vec3 & v1, const glm::vec3 & v2, const glm::vec3 & v3))
	slot Vec3::normalize (glm::vec3 (const glm::vec3 & v))
	slot Vec3::mix (glm::vec3 (const glm::vec3 & v1, const glm::vec3 & v2, float m))
	slot Vec3::print (void (const QString & lable, const glm::vec3 & v))
	slot Vec3::equal (bool (const glm::vec3 & v1, const glm::vec3 & v2))
	slot Vec3::toPolar (glm::vec3 (const glm::vec3 & v))
	slot Vec3::fromPolar (glm::vec3 (const glm::vec3 & polar))
	slot Vec3::fromPolar (glm::vec3 (float elevation, float azimuth))
class AvatarManager::LocalLight is not scriptable
